4268   lxpanel , clone(child_stack=0, flags=CLONE_CHILD_CLEARTID|CLONE_CHILD_SETTID|SIGCHLD, child_tidptr=0x7fe44ca2fcd0) = 90905
90905  lxpanel , clone(child_stack=0, flags=CLONE_CHILD_CLEARTID|CLONE_CHILD_SETTID|SIGCHLD, child_tidptr=0x7fe44ca2fcd0) = 90906
4268   lxpanel , clone( <unfinished ...>
4268   lxpanel , <... clone resumed> child_stack=0x7fe423b87cf0, flags=CLONE_VM|CLONE_FS|CLONE_FILES|CLONE_SIGHAND|CLONE_THREAD|CLONE_SYSVSEM|CLONE_SETTLS|CLONE_PARENT_SETTID|CLONE_CHILD_CLEARTID, parent_tidptr=0x7fe423b889d0, tls=0x7fe423b88700, child_tidptr=0x7fe423b889d0) = 90907
4407   gdbus , clone( <unfinished ...>
4407   gdbus , <... clone resumed> child_stack=0x7fe43b476cf0, flags=CLONE_VM|CLONE_FS|CLONE_FILES|CLONE_SIGHAND|CLONE_THREAD|CLONE_SYSVSEM|CLONE_SETTLS|CLONE_PARENT_SETTID|CLONE_CHILD_CLEARTID, parent_tidptr=0x7fe43b4779d0, tls=0x7fe43b477700, child_tidptr=0x7fe43b4779d0) = 90908
4268   lxpanel , clone( <unfinished ...>
90909  lxpanel , clone(child_stack=0, flags=CLONE_CHILD_CLEARTID|CLONE_CHILD_SETTID|SIGCHLD, child_tidptr=0x7fe44ca2fcd0) = 90910
4268   lxpanel , <... clone resumed> child_stack=0, flags=CLONE_CHILD_CLEARTID|CLONE_CHILD_SETTID|SIGCHLD, child_tidptr=0x7fe44ca2fcd0) = 90909
4407   gdbus , clone( <unfinished ...>
4407   gdbus , <... clone resumed> child_stack=0x7fe423b87cf0, flags=CLONE_VM|CLONE_FS|CLONE_FILES|CLONE_SIGHAND|CLONE_THREAD|CLONE_SYSVSEM|CLONE_SETTLS|CLONE_PARENT_SETTID|CLONE_CHILD_CLEARTID, parent_tidptr=0x7fe423b889d0, tls=0x7fe423b88700, child_tidptr=0x7fe423b889d0) = 90911
4268   lxpanel , clone( <unfinished ...>
4268   lxpanel , <... clone resumed> child_stack=0, flags=CLONE_CHILD_CLEARTID|CLONE_CHILD_SETTID|SIGCHLD, child_tidptr=0x7fe44ca2fcd0) = 90912
90912  lxpanel , clone(child_stack=0, flags=CLONE_CHILD_CLEARTID|CLONE_CHILD_SETTID|SIGCHLD, child_tidptr=0x7fe44ca2fcd0) = 90913
4407   gdbus , clone(child_stack=0x7fe43b476cf0, flags=CLONE_VM|CLONE_FS|CLONE_FILES|CLONE_SIGHAND|CLONE_THREAD|CLONE_SYSVSEM|CLONE_SETTLS|CLONE_PARENT_SETTID|CLONE_CHILD_CLEARTID, parent_tidptr=0x7fe43b4779d0, tls=0x7fe43b477700, child_tidptr=0x7fe43b4779d0) = 90914
4268   lxpanel , clone(child_stack=0, flags=CLONE_CHILD_CLEARTID|CLONE_CHILD_SETTID|SIGCHLD, child_tidptr=0x7fe44ca2fcd0) = 90915
90915  lxpanel , clone(child_stack=0, flags=CLONE_CHILD_CLEARTID|CLONE_CHILD_SETTID|SIGCHLD, child_tidptr=0x7fe44ca2fcd0) = 90916
4407   gdbus , clone( <unfinished ...>
4407   gdbus , <... clone resumed> child_stack=0x7fe423b87cf0, flags=CLONE_VM|CLONE_FS|CLONE_FILES|CLONE_SIGHAND|CLONE_THREAD|CLONE_SYSVSEM|CLONE_SETTLS|CLONE_PARENT_SETTID|CLONE_CHILD_CLEARTID, parent_tidptr=0x7fe423b889d0, tls=0x7fe423b88700, child_tidptr=0x7fe423b889d0) = 90917
4268   lxpanel , clone(child_stack=0, flags=CLONE_CHILD_CLEARTID|CLONE_CHILD_SETTID|SIGCHLD, child_tidptr=0x7fe44ca2fcd0) = 90918
90918  lxpanel , clone( <unfinished ...>
90918  lxpanel , <... clone resumed> child_stack=0, flags=CLONE_CHILD_CLEARTID|CLONE_CHILD_SETTID|SIGCHLD, child_tidptr=0x7fe44ca2fcd0) = 90919
4407   gdbus , clone( <unfinished ...>
4407   gdbus , <... clone resumed> child_stack=0x7fe43b476cf0, flags=CLONE_VM|CLONE_FS|CLONE_FILES|CLONE_SIGHAND|CLONE_THREAD|CLONE_SYSVSEM|CLONE_SETTLS|CLONE_PARENT_SETTID|CLONE_CHILD_CLEARTID, parent_tidptr=0x7fe43b4779d0, tls=0x7fe43b477700, child_tidptr=0x7fe43b4779d0) = 90920
